

***************DOMAIN SCAN***************

==========PORTSCAN==========
[+] Finded ports: 25,53,445,21,139,512,5432,1524,8009,6000,80,1099,111,8180,514,5900,513,3306,6667,22,2121,2049,23

==========SERVICES==========
PORT     STATE SERVICE      REASON
21/tcp   open  ftp          syn-ack ttl 64
22/tcp   open  ssh          syn-ack ttl 64
23/tcp   open  telnet       syn-ack ttl 64
25/tcp   open  smtp         syn-ack ttl 64
53/tcp   open  domain       syn-ack ttl 64
80/tcp   open  http         syn-ack ttl 64
111/tcp  open  rpcbind      syn-ack ttl 64
139/tcp  open  netbios-ssn  syn-ack ttl 64
445/tcp  open  microsoft-ds syn-ack ttl 64
512/tcp  open  exec         syn-ack ttl 64
513/tcp  open  login        syn-ack ttl 64
514/tcp  open  shell        syn-ack ttl 64
1099/tcp open  rmiregistry  syn-ack ttl 64
1524/tcp open  ingreslock   syn-ack ttl 64
2049/tcp open  nfs          syn-ack ttl 64
2121/tcp open  ccproxy-ftp  syn-ack ttl 64
3306/tcp open  mysql        syn-ack ttl 64
5432/tcp open  postgresql   syn-ack ttl 64
5900/tcp open  vnc          syn-ack ttl 64
6000/tcp open  X11          syn-ack ttl 64
6667/tcp open  irc          syn-ack ttl 64
8009/tcp open  ajp13        syn-ack ttl 64
8180/tcp open  unknown      syn-ack ttl 64
MAC Address: 52:54:00:65:17:71 (QEMU virtual NIC)

==========AGRESIVE SCAN==========
Do you Want a Agresive scan? [y/N] 
Pass the agresive Scan


***************FTP SCAN***************

==========ANONYMOUS LOGIN==========
[+] Anonymous FTP login successful on 192.168.122.66!
[+] Download completed!
